-------------------------------------------------------------------------------
Test set: ed22_ud12_Ejercicio3_Factura.ProductoTest
-------------------------------------------------------------------------------
Tests run: 4, Failures: 1, Errors: 0, Skipped: 0, Time elapsed: 0.028 s <<< FAILURE! - in ed22_ud12_Ejercicio3_Factura.ProductoTest
precioTotal  Time elapsed: 0.018 s  <<< FAILURE!
org.opentest4j.AssertionFailedError: expected: <1.4> but was: <7.0>
	at ed22_ud12_Ejercicio3_Factura.ProductoTest.precioTotal(ProductoTest.java:20)

